<?xml version="1.0" encoding="UTF-8"?>
<!-- Generated by org.testng.reporters.JUnitXMLReporter -->
<testsuite ignored="0" hostname="Vamsi" failures="0" tests="3" name="Test" time="30.847" errors="0" timestamp="2024-10-10T17:10:44 IST">
  <testcase classname="testCases.TC003_LoginDDT" name="verify_LoginDDT" time="2.517"/>
  <testcase classname="testCases.TC003_LoginDDT" name="verify_LoginDDT" time="11.339"/>
  <testcase classname="testCases.TC003_LoginDDT" name="verify_LoginDDT" time="11.382"/>
</testsuite> <!-- Test -->
